// 重构日志: 930ce988
// 重构日志: 5abed9f7
// 同步 ID: 0e3769ac @ Sun Jul 12 14:32:38 UTC 2026
// 同步 ID: c2eb45c6 @ Mon Jul 13 06:10:45 UTC 2026
// 重构日志: 6bb5a2d7
// 同步 ID: 6e704262 @ Tue Jul 14 15:55:29 UTC 2026
// 同步 ID: cd936fe6 @ Wed Jul 15 09:57:19 UTC 2026
// 重构日志: be6c3973
// 同步 ID: bd80d1e0 @ Wed Jul 15 15:24:19 UTC 2026
// 重构日志: c6e3ff8a
// 同步 ID: b4958431 @ Thu Jul 16 01:31:54 UTC 2026
// 重构日志: 156ff220
// 重构日志: 8ee9babf
// 重构日志: 7fd467a9
// 同步 ID: d8f4d952 @ Fri Jul 17 12:01:52 UTC 2026
// 重构日志: 92bc8b67
// 同步 ID: d67bf99f @ Sun Jul 19 02:00:48 UTC 2026
// 重构日志: f1ad2d8f
// 重构日志: b1305185
// 同步 ID: 975294d9 @ Sun Jul 19 15:59:38 UTC 2026
// 重构日志: b33767bb
// 重构日志: 3bb648d2
// 同步 ID: ce28b483 @ Mon Jul 20 09:24:37 UTC 2026
// 重构日志: 5ff4fd90
// 重构日志: 337c53af
// 重构日志: c3e61f20
// 重构日志: 53420252
// 同步 ID: 1681792e @ Wed Jul 22 05:13:48 UTC 2026
// 重构日志: 249a7d95
// 同步 ID: 48a17226 @ Wed Jul 22 15:22:59 UTC 2026
// 重构日志: 77b24829
// 重构日志: bfbc715d
